{"/Users/JonRoby/Desktop/mod-cli-prep/@mod-cli/mod-cli/src/main.js": {"path":"/Users/JonRoby/Desktop/mod-cli-prep/@mod-cli/mod-cli/src/main.js","statementMap":{"0":{"start":{"line":1,"column":14},"end":{"line":1,"column":0}},"1":{"start":{"line":10,"column":4},"end":{"line":2,"column":0}},"2":{"start":{"line":11,"column":17},"end":{"line":11,"column":0}},"3":{"start":{"line":13,"column":15},"end":{"line":13,"column":0}},"4":{"start":{"line":15,"column":12},"end":{"line":15,"column":0}},"5":{"start":{"line":23,"column":13},"end":{"line":23,"column":0}},"6":{"start":{"line":31,"column":12},"end":{"line":31,"column":2}},"7":{"start":{"line":42,"column":2},"end":{"line":null,"column":-1}},"8":{"start":{"line":45,"column":0},"end":{"line":null,"column":-1}}},"fnMap":{"0":{"name":"(anonymous_0)","decl":{"start":{"line":23,"column":13},"end":{"line":23,"column":18}},"loc":{"start":{"line":23,"column":19},"end":{"line":23,"column":0}}}},"branchMap":{},"s":{"0":0,"1":0,"2":0,"3":0,"4":0,"5":0,"6":0,"7":0,"8":0},"f":{"0":0},"b":{}}
,"/Users/JonRoby/Desktop/mod-cli-prep/@mod-cli/mod-cli/src/constants/index.js": {"path":"/Users/JonRoby/Desktop/mod-cli-prep/@mod-cli/mod-cli/src/constants/index.js","statementMap":{"0":{"start":{"line":1,"column":12},"end":{"line":1,"column":0}},"1":{"start":{"line":2,"column":12},"end":{"line":2,"column":0}},"2":{"start":{"line":3,"column":14},"end":{"line":3,"column":0}},"3":{"start":{"line":5,"column":0},"end":{"line":null,"column":-1}}},"fnMap":{},"branchMap":{},"s":{"0":0,"1":0,"2":0,"3":0},"f":{},"b":{}}
,"/Users/JonRoby/Desktop/mod-cli-prep/@mod-cli/mod-cli/src/helpers/compose.js": {"path":"/Users/JonRoby/Desktop/mod-cli-prep/@mod-cli/mod-cli/src/helpers/compose.js","statementMap":{"0":{"start":{"line":1,"column":16},"end":{"line":8,"column":1}},"1":{"start":{"line":2,"column":2},"end":{"line":7,"column":16}},"2":{"start":{"line":4,"column":8},"end":{"line":6,"column":13}},"3":{"start":{"line":5,"column":10},"end":{"line":5,"column":28}},"4":{"start":{"line":10,"column":0},"end":{"line":10,"column":25}}},"fnMap":{"0":{"name":"(anonymous_0)","decl":{"start":{"line":1,"column":16},"end":{"line":1,"column":17}},"loc":{"start":{"line":1,"column":27},"end":{"line":8,"column":1}},"line":1},"1":{"name":"(anonymous_1)","decl":{"start":{"line":3,"column":6},"end":{"line":3,"column":7}},"loc":{"start":{"line":4,"column":8},"end":{"line":6,"column":13}},"line":4},"2":{"name":"(anonymous_2)","decl":{"start":{"line":4,"column":18},"end":{"line":4,"column":19}},"loc":{"start":{"line":4,"column":34},"end":{"line":6,"column":9}},"line":4}},"branchMap":{"0":{"loc":{"start":{"line":2,"column":9},"end":{"line":7,"column":15}},"type":"cond-expr","locations":[{"start":{"line":3,"column":6},"end":{"line":6,"column":13}},{"start":{"line":7,"column":6},"end":{"line":7,"column":15}}],"line":2}},"s":{"0":2,"1":4,"2":3,"3":6,"4":2},"f":{"0":4,"1":3,"2":6},"b":{"0":[3,1]},"_coverageSchema":"332fd63041d2c1bcb487cc26dd0d5f7d97098a6c","hash":"17362130f566acca7ec5309f582f5f76388f9d52"}
,"/Users/JonRoby/Desktop/mod-cli-prep/@mod-cli/mod-cli/src/helpers/flatten.js": {"path":"/Users/JonRoby/Desktop/mod-cli-prep/@mod-cli/mod-cli/src/helpers/flatten.js","statementMap":{"0":{"start":{"line":1,"column":16},"end":{"line":10,"column":1}},"1":{"start":{"line":2,"column":2},"end":{"line":2,"column":27}},"2":{"start":{"line":2,"column":17},"end":{"line":2,"column":27}},"3":{"start":{"line":3,"column":2},"end":{"line":9,"column":9}},"4":{"start":{"line":4,"column":4},"end":{"line":8,"column":5}},"5":{"start":{"line":5,"column":6},"end":{"line":5,"column":31}},"6":{"start":{"line":7,"column":6},"end":{"line":7,"column":33}},"7":{"start":{"line":12,"column":0},"end":{"line":12,"column":25}}},"fnMap":{"0":{"name":"(anonymous_0)","decl":{"start":{"line":1,"column":16},"end":{"line":1,"column":17}},"loc":{"start":{"line":1,"column":23},"end":{"line":10,"column":1}},"line":1},"1":{"name":"(anonymous_1)","decl":{"start":{"line":3,"column":20},"end":{"line":3,"column":21}},"loc":{"start":{"line":3,"column":36},"end":{"line":9,"column":3}},"line":3}},"branchMap":{"0":{"loc":{"start":{"line":2,"column":2},"end":{"line":2,"column":27}},"type":"if","locations":[{"start":{"line":2,"column":2},"end":{"line":2,"column":27}},{"start":{"line":2,"column":2},"end":{"line":2,"column":27}}],"line":2},"1":{"loc":{"start":{"line":4,"column":4},"end":{"line":8,"column":5}},"type":"if","locations":[{"start":{"line":4,"column":4},"end":{"line":8,"column":5}},{"start":{"line":4,"column":4},"end":{"line":8,"column":5}}],"line":4}},"s":{"0":1,"1":0,"2":0,"3":0,"4":0,"5":0,"6":0,"7":1},"f":{"0":0,"1":0},"b":{"0":[0,0],"1":[0,0]},"_coverageSchema":"332fd63041d2c1bcb487cc26dd0d5f7d97098a6c","hash":"a2170bf77755e7122da37c6d0dd370469fa09d44"}
,"/Users/JonRoby/Desktop/mod-cli-prep/@mod-cli/mod-cli/src/helpers/index.js": {"path":"/Users/JonRoby/Desktop/mod-cli-prep/@mod-cli/mod-cli/src/helpers/index.js","statementMap":{"0":{"start":{"line":1,"column":20},"end":{"line":1,"column":44}},"1":{"start":{"line":2,"column":20},"end":{"line":2,"column":44}},"2":{"start":{"line":3,"column":19},"end":{"line":3,"column":42}},"3":{"start":{"line":4,"column":20},"end":{"line":4,"column":44}},"4":{"start":{"line":5,"column":30},"end":{"line":5,"column":64}},"5":{"start":{"line":6,"column":13},"end":{"line":6,"column":30}},"6":{"start":{"line":7,"column":16},"end":{"line":7,"column":36}},"7":{"start":{"line":8,"column":12},"end":{"line":8,"column":28}},"8":{"start":{"line":9,"column":16},"end":{"line":9,"column":36}},"9":{"start":{"line":10,"column":16},"end":{"line":10,"column":36}},"10":{"start":{"line":12,"column":0},"end":{"line":23,"column":2}}},"fnMap":{},"branchMap":{},"s":{"0":1,"1":1,"2":1,"3":1,"4":1,"5":1,"6":1,"7":1,"8":1,"9":1,"10":1},"f":{},"b":{},"_coverageSchema":"332fd63041d2c1bcb487cc26dd0d5f7d97098a6c","hash":"2dfc5d2da7d53906596f245574bf8d56842ba93d"}
,"/Users/JonRoby/Desktop/mod-cli-prep/@mod-cli/mod-cli/src/helpers/map.js": {"path":"/Users/JonRoby/Desktop/mod-cli-prep/@mod-cli/mod-cli/src/helpers/map.js","statementMap":{"0":{"start":{"line":1,"column":12},"end":{"line":1,"column":48}},"1":{"start":{"line":1,"column":18},"end":{"line":1,"column":48}},"2":{"start":{"line":1,"column":24},"end":{"line":1,"column":48}},"3":{"start":{"line":1,"column":40},"end":{"line":1,"column":47}},"4":{"start":{"line":3,"column":0},"end":{"line":3,"column":21}}},"fnMap":{"0":{"name":"(anonymous_0)","decl":{"start":{"line":1,"column":12},"end":{"line":1,"column":13}},"loc":{"start":{"line":1,"column":18},"end":{"line":1,"column":48}},"line":1},"1":{"name":"(anonymous_1)","decl":{"start":{"line":1,"column":18},"end":{"line":1,"column":19}},"loc":{"start":{"line":1,"column":24},"end":{"line":1,"column":48}},"line":1},"2":{"name":"(anonymous_2)","decl":{"start":{"line":1,"column":31},"end":{"line":1,"column":32}},"loc":{"start":{"line":1,"column":40},"end":{"line":1,"column":47}},"line":1}},"branchMap":{},"s":{"0":2,"1":2,"2":1,"3":4,"4":2},"f":{"0":2,"1":1,"2":4},"b":{},"_coverageSchema":"332fd63041d2c1bcb487cc26dd0d5f7d97098a6c","hash":"dc41988c4a2a912034175d06b033fa3d872899fc"}
,"/Users/JonRoby/Desktop/mod-cli-prep/@mod-cli/mod-cli/src/helpers/removeDotFromFilepath.js": {"path":"/Users/JonRoby/Desktop/mod-cli-prep/@mod-cli/mod-cli/src/helpers/removeDotFromFilepath.js","statementMap":{"0":{"start":{"line":1,"column":30},"end":{"line":5,"column":14}},"1":{"start":{"line":2,"column":2},"end":{"line":5,"column":14}},"2":{"start":{"line":4,"column":17},"end":{"line":4,"column":26}},"3":{"start":{"line":7,"column":0},"end":{"line":7,"column":39}}},"fnMap":{"0":{"name":"(anonymous_0)","decl":{"start":{"line":1,"column":30},"end":{"line":1,"column":31}},"loc":{"start":{"line":2,"column":2},"end":{"line":5,"column":14}},"line":2},"1":{"name":"(anonymous_1)","decl":{"start":{"line":4,"column":12},"end":{"line":4,"column":13}},"loc":{"start":{"line":4,"column":17},"end":{"line":4,"column":26}},"line":4}},"branchMap":{},"s":{"0":2,"1":1,"2":4,"3":2},"f":{"0":1,"1":4},"b":{},"_coverageSchema":"332fd63041d2c1bcb487cc26dd0d5f7d97098a6c","hash":"163d3610dc29484eb5b53b749e7d9c56e9622f37"}
,"/Users/JonRoby/Desktop/mod-cli-prep/@mod-cli/mod-cli/src/helpers/unspool.js": {"path":"/Users/JonRoby/Desktop/mod-cli-prep/@mod-cli/mod-cli/src/helpers/unspool.js","statementMap":{"0":{"start":{"line":1,"column":16},"end":{"line":5,"column":1}},"1":{"start":{"line":2,"column":12},"end":{"line":2,"column":45}},"2":{"start":{"line":2,"column":33},"end":{"line":2,"column":44}},"3":{"start":{"line":3,"column":12},"end":{"line":3,"column":45}},"4":{"start":{"line":3,"column":33},"end":{"line":3,"column":44}},"5":{"start":{"line":4,"column":2},"end":{"line":4,"column":17}},"6":{"start":{"line":7,"column":0},"end":{"line":7,"column":25}}},"fnMap":{"0":{"name":"(anonymous_0)","decl":{"start":{"line":1,"column":16},"end":{"line":1,"column":17}},"loc":{"start":{"line":1,"column":23},"end":{"line":5,"column":1}},"line":1},"1":{"name":"(anonymous_1)","decl":{"start":{"line":2,"column":23},"end":{"line":2,"column":24}},"loc":{"start":{"line":2,"column":33},"end":{"line":2,"column":44}},"line":2},"2":{"name":"(anonymous_2)","decl":{"start":{"line":3,"column":23},"end":{"line":3,"column":24}},"loc":{"start":{"line":3,"column":33},"end":{"line":3,"column":44}},"line":3}},"branchMap":{},"s":{"0":2,"1":1,"2":6,"3":1,"4":6,"5":1,"6":2},"f":{"0":1,"1":6,"2":6},"b":{},"_coverageSchema":"332fd63041d2c1bcb487cc26dd0d5f7d97098a6c","hash":"fe5a26e3aab977a52eda0d3d8b32ec8be4e4b061"}
,"/Users/JonRoby/Desktop/mod-cli-prep/@mod-cli/mod-cli/src/lib/findFiles.js": {"path":"/Users/JonRoby/Desktop/mod-cli-prep/@mod-cli/mod-cli/src/lib/findFiles.js","statementMap":{"0":{"start":{"line":1,"column":23},"end":{"line":1,"column":0}},"1":{"start":{"line":3,"column":18},"end":{"line":3,"column":0}},"2":{"start":{"line":4,"column":2},"end":{"line":null,"column":-1}},"3":{"start":{"line":10,"column":17},"end":{"line":10,"column":0}},"4":{"start":{"line":10,"column":23},"end":{"line":10,"column":17}},"5":{"start":{"line":15,"column":0},"end":{"line":null,"column":-1}}},"fnMap":{"0":{"name":"(anonymous_0)","decl":{"start":{"line":3,"column":18},"end":{"line":3,"column":24}},"loc":{"start":{"line":3,"column":25},"end":{"line":3,"column":0}}},"1":{"name":"(anonymous_1)","decl":{"start":{"line":10,"column":17},"end":{"line":10,"column":22}},"loc":{"start":{"line":10,"column":23},"end":{"line":10,"column":17}}}},"branchMap":{},"s":{"0":0,"1":0,"2":0,"3":0,"4":0,"5":0},"f":{"0":0,"1":0},"b":{}}
,"/Users/JonRoby/Desktop/mod-cli-prep/@mod-cli/mod-cli/src/lib/genFilestrings.js": {"path":"/Users/JonRoby/Desktop/mod-cli-prep/@mod-cli/mod-cli/src/lib/genFilestrings.js","statementMap":{"0":{"start":{"line":1,"column":20},"end":{"line":1,"column":0}},"1":{"start":{"line":3,"column":23},"end":{"line":3,"column":0}},"2":{"start":{"line":3,"column":31},"end":{"line":3,"column":0}},"3":{"start":{"line":4,"column":16},"end":{"line":4,"column":2}},"4":{"start":{"line":5,"column":4},"end":{"line":11,"column":5}},"5":{"start":{"line":6,"column":6},"end":{"line":null,"column":-1}},"6":{"start":{"line":7,"column":6},"end":{"line":null,"column":-1}},"7":{"start":{"line":12,"column":4},"end":{"line":null,"column":-1}},"8":{"start":{"line":15,"column":2},"end":{"line":null,"column":-1}},"9":{"start":{"line":21,"column":0},"end":{"line":null,"column":-1}}},"fnMap":{"0":{"name":"(anonymous_0)","decl":{"start":{"line":3,"column":23},"end":{"line":3,"column":30}},"loc":{"start":{"line":3,"column":31},"end":{"line":3,"column":0}}},"1":{"name":"(anonymous_1)","decl":{"start":{"line":3,"column":31},"end":{"line":3,"column":37}},"loc":{"start":{"line":3,"column":38},"end":{"line":3,"column":0}}},"2":{"name":"(anonymous_2)","decl":{"start":{"line":4,"column":30},"end":{"line":4,"column":34}},"loc":{"start":{"line":4,"column":35},"end":{"line":4,"column":16}}}},"branchMap":{"0":{"loc":{"start":{"line":5,"column":4},"end":{"line":11,"column":5}},"type":"if","locations":[{"start":{"line":5,"column":4},"end":{"line":11,"column":5}},{"start":{"line":5,"column":4},"end":{"line":11,"column":5}}]}},"s":{"0":0,"1":0,"2":0,"3":0,"4":0,"5":0,"6":0,"7":0,"8":0,"9":0},"f":{"0":0,"1":0,"2":0},"b":{"0":[0,0]}}
,"/Users/JonRoby/Desktop/mod-cli-prep/@mod-cli/mod-cli/src/lib/getInput.js": {"path":"/Users/JonRoby/Desktop/mod-cli-prep/@mod-cli/mod-cli/src/lib/getInput.js","statementMap":{"0":{"start":{"line":1,"column":17},"end":{"line":1,"column":0}},"1":{"start":{"line":1,"column":24},"end":{"line":1,"column":0}},"2":{"start":{"line":2,"column":2},"end":{"line":null,"column":-1}},"3":{"start":{"line":8,"column":0},"end":{"line":null,"column":-1}}},"fnMap":{"0":{"name":"(anonymous_0)","decl":{"start":{"line":1,"column":17},"end":{"line":1,"column":23}},"loc":{"start":{"line":1,"column":24},"end":{"line":1,"column":0}}},"1":{"name":"(anonymous_1)","decl":{"start":{"line":1,"column":24},"end":{"line":1,"column":29}},"loc":{"start":{"line":1,"column":30},"end":{"line":1,"column":0}}}},"branchMap":{},"s":{"0":0,"1":0,"2":0,"3":0},"f":{"0":0,"1":0},"b":{}}
,"/Users/JonRoby/Desktop/mod-cli-prep/@mod-cli/mod-cli/src/lib/index.js": {"path":"/Users/JonRoby/Desktop/mod-cli-prep/@mod-cli/mod-cli/src/lib/index.js","statementMap":{"0":{"start":{"line":1,"column":17},"end":{"line":1,"column":0}},"1":{"start":{"line":2,"column":20},"end":{"line":2,"column":0}},"2":{"start":{"line":3,"column":18},"end":{"line":3,"column":0}},"3":{"start":{"line":4,"column":23},"end":{"line":4,"column":0}},"4":{"start":{"line":5,"column":23},"end":{"line":5,"column":0}},"5":{"start":{"line":6,"column":25},"end":{"line":6,"column":0}},"6":{"start":{"line":7,"column":19},"end":{"line":7,"column":0}},"7":{"start":{"line":11,"column":0},"end":{"line":null,"column":-1}}},"fnMap":{},"branchMap":{},"s":{"0":0,"1":0,"2":0,"3":0,"4":0,"5":0,"6":0,"7":0},"f":{},"b":{}}
,"/Users/JonRoby/Desktop/mod-cli-prep/@mod-cli/mod-cli/src/lib/modFilestrings.js": {"path":"/Users/JonRoby/Desktop/mod-cli-prep/@mod-cli/mod-cli/src/lib/modFilestrings.js","statementMap":{"0":{"start":{"line":1,"column":20},"end":{"line":1,"column":0}},"1":{"start":{"line":3,"column":23},"end":{"line":3,"column":0}},"2":{"start":{"line":3,"column":41},"end":{"line":3,"column":0}},"3":{"start":{"line":4,"column":16},"end":{"line":4,"column":2}},"4":{"start":{"line":5,"column":4},"end":{"line":15,"column":5}},"5":{"start":{"line":6,"column":25},"end":{"line":6,"column":6}},"6":{"start":{"line":10,"column":6},"end":{"line":null,"column":-1}},"7":{"start":{"line":11,"column":6},"end":{"line":null,"column":-1}},"8":{"start":{"line":16,"column":4},"end":{"line":null,"column":-1}},"9":{"start":{"line":19,"column":2},"end":{"line":null,"column":-1}},"10":{"start":{"line":25,"column":0},"end":{"line":null,"column":-1}}},"fnMap":{"0":{"name":"(anonymous_0)","decl":{"start":{"line":3,"column":23},"end":{"line":3,"column":24}},"loc":{"start":{"line":3,"column":41},"end":{"line":3,"column":0}}},"1":{"name":"(anonymous_1)","decl":{"start":{"line":3,"column":41},"end":{"line":3,"column":47}},"loc":{"start":{"line":3,"column":48},"end":{"line":3,"column":0}}},"2":{"name":"(anonymous_2)","decl":{"start":{"line":4,"column":30},"end":{"line":4,"column":34}},"loc":{"start":{"line":4,"column":35},"end":{"line":4,"column":16}}}},"branchMap":{"0":{"loc":{"start":{"line":5,"column":4},"end":{"line":15,"column":5}},"type":"if","locations":[{"start":{"line":5,"column":4},"end":{"line":15,"column":5}},{"start":{"line":5,"column":4},"end":{"line":15,"column":5}}]},"1":{"loc":{"start":{"line":5,"column":8},"end":{"line":5,"column":33}},"type":"binary-expr","locations":[{"start":{"line":5,"column":8},"end":{"line":5,"column":33}},{"start":{"line":5,"column":34},"end":{"line":5,"column":4}}]}},"s":{"0":0,"1":0,"2":0,"3":0,"4":0,"5":0,"6":0,"7":0,"8":0,"9":0,"10":0},"f":{"0":0,"1":0,"2":0},"b":{"0":[0,0],"1":[0,0]}}
,"/Users/JonRoby/Desktop/mod-cli-prep/@mod-cli/mod-cli/src/lib/printDiffs.js": {"path":"/Users/JonRoby/Desktop/mod-cli-prep/@mod-cli/mod-cli/src/lib/printDiffs.js","statementMap":{"0":{"start":{"line":1,"column":14},"end":{"line":1,"column":0}},"1":{"start":{"line":2,"column":14},"end":{"line":2,"column":0}},"2":{"start":{"line":6,"column":19},"end":{"line":6,"column":0}},"3":{"start":{"line":8,"column":17},"end":{"line":8,"column":2}},"4":{"start":{"line":9,"column":16},"end":{"line":8,"column":17}},"5":{"start":{"line":10,"column":16},"end":{"line":8,"column":17}},"6":{"start":{"line":11,"column":18},"end":{"line":null,"column":-1}},"7":{"start":{"line":14,"column":2},"end":{"line":null,"column":-1}},"8":{"start":{"line":15,"column":21},"end":{"line":15,"column":4}},"9":{"start":{"line":16,"column":4},"end":{"line":null,"column":-1}},"10":{"start":{"line":19,"column":2},"end":{"line":null,"column":-1}},"11":{"start":{"line":22,"column":0},"end":{"line":null,"column":-1}}},"fnMap":{"0":{"name":"(anonymous_0)","decl":{"start":{"line":6,"column":19},"end":{"line":6,"column":25}},"loc":{"start":{"line":6,"column":26},"end":{"line":6,"column":0}}},"1":{"name":"(anonymous_1)","decl":{"start":{"line":9,"column":10},"end":{"line":9,"column":9}},"loc":{"start":{"line":9,"column":16},"end":{"line":8,"column":17}}},"2":{"name":"(anonymous_2)","decl":{"start":{"line":10,"column":10},"end":{"line":10,"column":9}},"loc":{"start":{"line":10,"column":16},"end":{"line":8,"column":17}}},"3":{"name":"(anonymous_3)","decl":{"start":{"line":11,"column":12},"end":{"line":11,"column":11}},"loc":{"start":{"line":11,"column":18},"end":{"line":null,"column":-1}}},"4":{"name":"(anonymous_4)","decl":{"start":{"line":14,"column":29},"end":{"line":14,"column":33}},"loc":{"start":{"line":14,"column":34},"end":{"line":14,"column":2}}}},"branchMap":{},"s":{"0":0,"1":0,"2":0,"3":0,"4":0,"5":0,"6":0,"7":0,"8":0,"9":0,"10":0,"11":0},"f":{"0":0,"1":0,"2":0,"3":0,"4":0},"b":{}}
,"/Users/JonRoby/Desktop/mod-cli-prep/@mod-cli/mod-cli/src/lib/selectFiles.js": {"path":"/Users/JonRoby/Desktop/mod-cli-prep/@mod-cli/mod-cli/src/lib/selectFiles.js","statementMap":{"0":{"start":{"line":1,"column":40},"end":{"line":1,"column":0}},"1":{"start":{"line":3,"column":20},"end":{"line":3,"column":0}},"2":{"start":{"line":3,"column":30},"end":{"line":3,"column":0}},"3":{"start":{"line":4,"column":18},"end":{"line":4,"column":2}},"4":{"start":{"line":5,"column":16},"end":{"line":5,"column":2}},"5":{"start":{"line":7,"column":18},"end":{"line":7,"column":2}},"6":{"start":{"line":8,"column":15},"end":{"line":8,"column":2}},"7":{"start":{"line":9,"column":13},"end":{"line":9,"column":2}},"8":{"start":{"line":10,"column":16},"end":{"line":10,"column":2}},"9":{"start":{"line":11,"column":4},"end":{"line":null,"column":-1}},"10":{"start":{"line":14,"column":2},"end":{"line":null,"column":-1}},"11":{"start":{"line":22,"column":22},"end":{"line":22,"column":0}},"12":{"start":{"line":25,"column":33},"end":{"line":25,"column":2}},"13":{"start":{"line":28,"column":23},"end":{"line":28,"column":2}},"14":{"start":{"line":29,"column":13},"end":{"line":29,"column":4}},"15":{"start":{"line":34,"column":23},"end":{"line":34,"column":2}},"16":{"start":{"line":35,"column":19},"end":{"line":35,"column":4}},"17":{"start":{"line":39,"column":2},"end":{"line":null,"column":-1}},"18":{"start":{"line":42,"column":12},"end":{"line":42,"column":0}},"19":{"start":{"line":42,"column":18},"end":{"line":42,"column":0}},"20":{"start":{"line":42,"column":24},"end":{"line":42,"column":0}},"21":{"start":{"line":42,"column":38},"end":{"line":42,"column":24}},"22":{"start":{"line":44,"column":21},"end":{"line":44,"column":0}},"23":{"start":{"line":46,"column":23},"end":{"line":46,"column":2}},"24":{"start":{"line":47,"column":27},"end":{"line":47,"column":2}},"25":{"start":{"line":47,"column":49},"end":{"line":47,"column":27}},"26":{"start":{"line":52,"column":30},"end":{"line":52,"column":2}},"27":{"start":{"line":53,"column":4},"end":{"line":null,"column":-1}},"28":{"start":{"line":56,"column":2},"end":{"line":null,"column":-1}},"29":{"start":{"line":63,"column":0},"end":{"line":null,"column":-1}}},"fnMap":{"0":{"name":"(anonymous_0)","decl":{"start":{"line":3,"column":20},"end":{"line":3,"column":29}},"loc":{"start":{"line":3,"column":30},"end":{"line":3,"column":0}}},"1":{"name":"(anonymous_1)","decl":{"start":{"line":3,"column":30},"end":{"line":3,"column":36}},"loc":{"start":{"line":3,"column":37},"end":{"line":3,"column":0}}},"2":{"name":"(anonymous_2)","decl":{"start":{"line":10,"column":31},"end":{"line":10,"column":35}},"loc":{"start":{"line":10,"column":36},"end":{"line":10,"column":16}}},"3":{"name":"(anonymous_3)","decl":{"start":{"line":22,"column":22},"end":{"line":22,"column":23}},"loc":{"start":{"line":22,"column":41},"end":{"line":22,"column":0}}},"4":{"name":"(anonymous_4)","decl":{"start":{"line":29,"column":8},"end":{"line":29,"column":12}},"loc":{"start":{"line":29,"column":13},"end":{"line":29,"column":4}}},"5":{"name":"(anonymous_5)","decl":{"start":{"line":35,"column":8},"end":{"line":35,"column":9}},"loc":{"start":{"line":35,"column":19},"end":{"line":35,"column":4}}},"6":{"name":"(anonymous_6)","decl":{"start":{"line":42,"column":12},"end":{"line":42,"column":17}},"loc":{"start":{"line":42,"column":18},"end":{"line":42,"column":0}}},"7":{"name":"(anonymous_7)","decl":{"start":{"line":42,"column":18},"end":{"line":42,"column":23}},"loc":{"start":{"line":42,"column":24},"end":{"line":42,"column":0}}},"8":{"name":"(anonymous_8)","decl":{"start":{"line":42,"column":28},"end":{"line":42,"column":29}},"loc":{"start":{"line":42,"column":38},"end":{"line":42,"column":24}}},"9":{"name":"(anonymous_9)","decl":{"start":{"line":44,"column":21},"end":{"line":44,"column":22}},"loc":{"start":{"line":44,"column":66},"end":{"line":44,"column":0}}},"10":{"name":"(anonymous_10)","decl":{"start":{"line":47,"column":44},"end":{"line":47,"column":48}},"loc":{"start":{"line":47,"column":49},"end":{"line":47,"column":27}}},"11":{"name":"(anonymous_11)","decl":{"start":{"line":52,"column":54},"end":{"line":52,"column":55}},"loc":{"start":{"line":52,"column":70},"end":{"line":52,"column":30}}}},"branchMap":{"0":{"loc":{"start":{"line":29,"column":13},"end":{"line":29,"column":32}},"type":"binary-expr","locations":[{"start":{"line":29,"column":13},"end":{"line":29,"column":32}},{"start":{"line":29,"column":33},"end":{"line":29,"column":4}}]},"1":{"loc":{"start":{"line":35,"column":45},"end":{"line":35,"column":19}},"type":"cond-expr","locations":[{"start":{"line":35,"column":45},"end":{"line":35,"column":19}},{"start":{"line":35,"column":54},"end":{"line":35,"column":4}}]}},"s":{"0":0,"1":0,"2":0,"3":0,"4":0,"5":0,"6":0,"7":0,"8":0,"9":0,"10":0,"11":0,"12":0,"13":0,"14":0,"15":0,"16":0,"17":0,"18":0,"19":0,"20":0,"21":0,"22":0,"23":0,"24":0,"25":0,"26":0,"27":0,"28":0,"29":0},"f":{"0":0,"1":0,"2":0,"3":0,"4":0,"5":0,"6":0,"7":0,"8":0,"9":0,"10":0,"11":0},"b":{"0":[0,0],"1":[0,0]}}
,"/Users/JonRoby/Desktop/mod-cli-prep/@mod-cli/mod-cli/src/lib/updateDiffs.js": {"path":"/Users/JonRoby/Desktop/mod-cli-prep/@mod-cli/mod-cli/src/lib/updateDiffs.js","statementMap":{"0":{"start":{"line":1,"column":34},"end":{"line":1,"column":0}},"1":{"start":{"line":2,"column":28},"end":{"line":2,"column":0}},"2":{"start":{"line":4,"column":20},"end":{"line":4,"column":0}},"3":{"start":{"line":5,"column":13},"end":{"line":5,"column":2}},"4":{"start":{"line":6,"column":2},"end":{"line":14,"column":3}},"5":{"start":{"line":7,"column":4},"end":{"line":11,"column":5}},"6":{"start":{"line":8,"column":6},"end":{"line":null,"column":-1}},"7":{"start":{"line":10,"column":6},"end":{"line":null,"column":-1}},"8":{"start":{"line":13,"column":4},"end":{"line":null,"column":-1}},"9":{"start":{"line":17,"column":0},"end":{"line":null,"column":-1}}},"fnMap":{"0":{"name":"(anonymous_0)","decl":{"start":{"line":4,"column":20},"end":{"line":4,"column":21}},"loc":{"start":{"line":4,"column":51},"end":{"line":4,"column":0}}}},"branchMap":{"0":{"loc":{"start":{"line":6,"column":2},"end":{"line":14,"column":3}},"type":"if","locations":[{"start":{"line":6,"column":2},"end":{"line":14,"column":3}},{"start":{"line":6,"column":2},"end":{"line":14,"column":3}}]},"1":{"loc":{"start":{"line":6,"column":6},"end":{"line":6,"column":5}},"type":"binary-expr","locations":[{"start":{"line":6,"column":6},"end":{"line":6,"column":5}},{"start":{"line":6,"column":27},"end":{"line":6,"column":6}},{"start":{"line":6,"column":48},"end":{"line":6,"column":2}}]},"2":{"loc":{"start":{"line":7,"column":4},"end":{"line":11,"column":5}},"type":"if","locations":[{"start":{"line":7,"column":4},"end":{"line":11,"column":5}},{"start":{"line":7,"column":4},"end":{"line":11,"column":5}}]}},"s":{"0":0,"1":0,"2":0,"3":0,"4":0,"5":0,"6":0,"7":0,"8":0,"9":0},"f":{"0":0},"b":{"0":[0,0],"1":[0,0,0],"2":[0,0]}}
,"/Users/JonRoby/Desktop/mod-cli-prep/@mod-cli/mod-cli/src/lib/writeFilestrings.js": {"path":"/Users/JonRoby/Desktop/mod-cli-prep/@mod-cli/mod-cli/src/lib/writeFilestrings.js","statementMap":{"0":{"start":{"line":1,"column":11},"end":{"line":1,"column":0}},"1":{"start":{"line":3,"column":25},"end":{"line":3,"column":0}},"2":{"start":{"line":4,"column":2},"end":{"line":null,"column":-1}},"3":{"start":{"line":5,"column":4},"end":{"line":null,"column":-1}},"4":{"start":{"line":7,"column":2},"end":{"line":null,"column":-1}},"5":{"start":{"line":10,"column":0},"end":{"line":null,"column":-1}}},"fnMap":{"0":{"name":"(anonymous_0)","decl":{"start":{"line":3,"column":25},"end":{"line":3,"column":31}},"loc":{"start":{"line":3,"column":32},"end":{"line":3,"column":0}}},"1":{"name":"(anonymous_1)","decl":{"start":{"line":4,"column":20},"end":{"line":4,"column":21}},"loc":{"start":{"line":4,"column":50},"end":{"line":4,"column":2}}}},"branchMap":{},"s":{"0":0,"1":0,"2":0,"3":0,"4":0,"5":0},"f":{"0":0,"1":0},"b":{}}
}
