TN:
SF:/Users/JonRoby/Desktop/mod-cli-prep/@mod-cli/mod-cli/src/main.js
FN:23,(anonymous_0)
FNF:1
FNH:0
FNDA:0,(anonymous_0)
DA:1,0
DA:10,0
DA:11,0
DA:13,0
DA:15,0
DA:23,0
DA:31,0
DA:42,0
DA:45,0
LF:9
LH:0
BRF:0
BRH:0
end_of_record
TN:
SF:/Users/JonRoby/Desktop/mod-cli-prep/@mod-cli/mod-cli/src/constants/index.js
FNF:0
FNH:0
DA:1,0
DA:2,0
DA:3,0
DA:5,0
LF:4
LH:0
BRF:0
BRH:0
end_of_record
TN:
SF:/Users/JonRoby/Desktop/mod-cli-prep/@mod-cli/mod-cli/src/helpers/compose.js
FN:1,(anonymous_0)
FN:3,(anonymous_1)
FN:4,(anonymous_2)
FNF:3
FNH:3
FNDA:4,(anonymous_0)
FNDA:3,(anonymous_1)
FNDA:6,(anonymous_2)
DA:1,2
DA:2,4
DA:4,3
DA:5,6
DA:10,2
LF:5
LH:5
BRDA:2,0,0,3
BRDA:2,0,1,1
BRF:2
BRH:2
end_of_record
TN:
SF:/Users/JonRoby/Desktop/mod-cli-prep/@mod-cli/mod-cli/src/helpers/flatten.js
FN:1,(anonymous_0)
FN:3,(anonymous_1)
FNF:2
FNH:0
FNDA:0,(anonymous_0)
FNDA:0,(anonymous_1)
DA:1,1
DA:2,0
DA:3,0
DA:4,0
DA:5,0
DA:7,0
DA:12,1
LF:7
LH:2
BRDA:2,0,0,0
BRDA:2,0,1,0
BRDA:4,1,0,0
BRDA:4,1,1,0
BRF:4
BRH:0
end_of_record
TN:
SF:/Users/JonRoby/Desktop/mod-cli-prep/@mod-cli/mod-cli/src/helpers/index.js
FNF:0
FNH:0
DA:1,1
DA:2,1
DA:3,1
DA:4,1
DA:5,1
DA:6,1
DA:7,1
DA:8,1
DA:9,1
DA:10,1
DA:12,1
LF:11
LH:11
BRF:0
BRH:0
end_of_record
TN:
SF:/Users/JonRoby/Desktop/mod-cli-prep/@mod-cli/mod-cli/src/helpers/map.js
FN:1,(anonymous_0)
FN:1,(anonymous_1)
FN:1,(anonymous_2)
FNF:3
FNH:3
FNDA:2,(anonymous_0)
FNDA:1,(anonymous_1)
FNDA:4,(anonymous_2)
DA:1,4
DA:3,2
LF:2
LH:2
BRF:0
BRH:0
end_of_record
TN:
SF:/Users/JonRoby/Desktop/mod-cli-prep/@mod-cli/mod-cli/src/helpers/removeDotFromFilepath.js
FN:1,(anonymous_0)
FN:4,(anonymous_1)
FNF:2
FNH:2
FNDA:1,(anonymous_0)
FNDA:4,(anonymous_1)
DA:1,2
DA:2,1
DA:4,4
DA:7,2
LF:4
LH:4
BRF:0
BRH:0
end_of_record
TN:
SF:/Users/JonRoby/Desktop/mod-cli-prep/@mod-cli/mod-cli/src/helpers/unspool.js
FN:1,(anonymous_0)
FN:2,(anonymous_1)
FN:3,(anonymous_2)
FNF:3
FNH:3
FNDA:1,(anonymous_0)
FNDA:6,(anonymous_1)
FNDA:6,(anonymous_2)
DA:1,2
DA:2,6
DA:3,6
DA:4,1
DA:7,2
LF:5
LH:5
BRF:0
BRH:0
end_of_record
TN:
SF:/Users/JonRoby/Desktop/mod-cli-prep/@mod-cli/mod-cli/src/lib/findFiles.js
FN:3,(anonymous_0)
FN:10,(anonymous_1)
FNF:2
FNH:0
FNDA:0,(anonymous_0)
FNDA:0,(anonymous_1)
DA:1,0
DA:3,0
DA:4,0
DA:10,0
DA:15,0
LF:5
LH:0
BRF:0
BRH:0
end_of_record
TN:
SF:/Users/JonRoby/Desktop/mod-cli-prep/@mod-cli/mod-cli/src/lib/genFilestrings.js
FN:3,(anonymous_0)
FN:3,(anonymous_1)
FN:4,(anonymous_2)
FNF:3
FNH:0
FNDA:0,(anonymous_0)
FNDA:0,(anonymous_1)
FNDA:0,(anonymous_2)
DA:1,0
DA:3,0
DA:4,0
DA:5,0
DA:6,0
DA:7,0
DA:12,0
DA:15,0
DA:21,0
LF:9
LH:0
BRDA:5,0,0,0
BRDA:5,0,1,0
BRF:2
BRH:0
end_of_record
TN:
SF:/Users/JonRoby/Desktop/mod-cli-prep/@mod-cli/mod-cli/src/lib/getInput.js
FN:1,(anonymous_0)
FN:1,(anonymous_1)
FNF:2
FNH:0
FNDA:0,(anonymous_0)
FNDA:0,(anonymous_1)
DA:1,0
DA:2,0
DA:8,0
LF:3
LH:0
BRF:0
BRH:0
end_of_record
TN:
SF:/Users/JonRoby/Desktop/mod-cli-prep/@mod-cli/mod-cli/src/lib/index.js
FNF:0
FNH:0
DA:1,0
DA:2,0
DA:3,0
DA:4,0
DA:5,0
DA:6,0
DA:7,0
DA:11,0
LF:8
LH:0
BRF:0
BRH:0
end_of_record
TN:
SF:/Users/JonRoby/Desktop/mod-cli-prep/@mod-cli/mod-cli/src/lib/modFilestrings.js
FN:3,(anonymous_0)
FN:3,(anonymous_1)
FN:4,(anonymous_2)
FNF:3
FNH:0
FNDA:0,(anonymous_0)
FNDA:0,(anonymous_1)
FNDA:0,(anonymous_2)
DA:1,0
DA:3,0
DA:4,0
DA:5,0
DA:6,0
DA:10,0
DA:11,0
DA:16,0
DA:19,0
DA:25,0
LF:10
LH:0
BRDA:5,0,0,0
BRDA:5,0,1,0
BRDA:5,1,0,0
BRDA:5,1,1,0
BRF:4
BRH:0
end_of_record
TN:
SF:/Users/JonRoby/Desktop/mod-cli-prep/@mod-cli/mod-cli/src/lib/printDiffs.js
FN:6,(anonymous_0)
FN:9,(anonymous_1)
FN:10,(anonymous_2)
FN:11,(anonymous_3)
FN:14,(anonymous_4)
FNF:5
FNH:0
FNDA:0,(anonymous_0)
FNDA:0,(anonymous_1)
FNDA:0,(anonymous_2)
FNDA:0,(anonymous_3)
FNDA:0,(anonymous_4)
DA:1,0
DA:2,0
DA:6,0
DA:8,0
DA:9,0
DA:10,0
DA:11,0
DA:14,0
DA:15,0
DA:16,0
DA:19,0
DA:22,0
LF:12
LH:0
BRF:0
BRH:0
end_of_record
TN:
SF:/Users/JonRoby/Desktop/mod-cli-prep/@mod-cli/mod-cli/src/lib/selectFiles.js
FN:3,(anonymous_0)
FN:3,(anonymous_1)
FN:10,(anonymous_2)
FN:22,(anonymous_3)
FN:29,(anonymous_4)
FN:35,(anonymous_5)
FN:42,(anonymous_6)
FN:42,(anonymous_7)
FN:42,(anonymous_8)
FN:44,(anonymous_9)
FN:47,(anonymous_10)
FN:52,(anonymous_11)
FNF:12
FNH:0
FNDA:0,(anonymous_0)
FNDA:0,(anonymous_1)
FNDA:0,(anonymous_2)
FNDA:0,(anonymous_3)
FNDA:0,(anonymous_4)
FNDA:0,(anonymous_5)
FNDA:0,(anonymous_6)
FNDA:0,(anonymous_7)
FNDA:0,(anonymous_8)
FNDA:0,(anonymous_9)
FNDA:0,(anonymous_10)
FNDA:0,(anonymous_11)
DA:1,0
DA:3,0
DA:4,0
DA:5,0
DA:7,0
DA:8,0
DA:9,0
DA:10,0
DA:11,0
DA:14,0
DA:22,0
DA:25,0
DA:28,0
DA:29,0
DA:34,0
DA:35,0
DA:39,0
DA:42,0
DA:44,0
DA:46,0
DA:47,0
DA:52,0
DA:53,0
DA:56,0
DA:63,0
LF:25
LH:0
BRDA:29,0,0,0
BRDA:29,0,1,0
BRDA:35,1,0,0
BRDA:35,1,1,0
BRF:4
BRH:0
end_of_record
TN:
SF:/Users/JonRoby/Desktop/mod-cli-prep/@mod-cli/mod-cli/src/lib/updateDiffs.js
FN:4,(anonymous_0)
FNF:1
FNH:0
FNDA:0,(anonymous_0)
DA:1,0
DA:2,0
DA:4,0
DA:5,0
DA:6,0
DA:7,0
DA:8,0
DA:10,0
DA:13,0
DA:17,0
LF:10
LH:0
BRDA:6,0,0,0
BRDA:6,0,1,0
BRDA:6,1,0,0
BRDA:6,1,1,0
BRDA:6,1,2,0
BRDA:7,2,0,0
BRDA:7,2,1,0
BRF:7
BRH:0
end_of_record
TN:
SF:/Users/JonRoby/Desktop/mod-cli-prep/@mod-cli/mod-cli/src/lib/writeFilestrings.js
FN:3,(anonymous_0)
FN:4,(anonymous_1)
FNF:2
FNH:0
FNDA:0,(anonymous_0)
FNDA:0,(anonymous_1)
DA:1,0
DA:3,0
DA:4,0
DA:5,0
DA:7,0
DA:10,0
LF:6
LH:0
BRF:0
BRH:0
end_of_record
